[24May2024 18:18:20.153] [main/INFO] [cpw.mods.modlauncher.Launcher/MODLAUNCHER]: ModLauncher running: args [--launchTarget, forge_userdev_data, --assetIndex, 16, --assetsDir, C:\Users\micro\.gradle\caches\forge_gradle\assets, --gameDir, ., --mod, examplemod, --all, --output, D:\Syncopation\src\generated\resources, --existing, D:\Syncopation\src\main\resources]
[24May2024 18:18:20.157] [main/INFO] [cpw.mods.modlauncher.Launcher/MODLAUNCHER]: JVM identified as Oracle Corporation Java HotSpot(TM) 64-Bit Server VM 21.0.3+7-LTS-152
[24May2024 18:18:20.159] [main/INFO] [cpw.mods.modlauncher.Launcher/MODLAUNCHER]: ModLauncher 10.2.1 starting: java version 21.0.3 by Oracle Corporation; OS Windows 11 arch amd64 version 10.0
[24May2024 18:18:20.287] [main/WARN] [net.minecraftforge.fml.loading.FMLConfig/CORE]: Configuration file C:\Users\micro\Code\Syncopation\run-data\config\fml.toml is not correct. Correcting
[24May2024 18:18:20.289] [main/INFO] [net.minecraftforge.fml.loading.FMLConfig/CORE]: Incorrect key [earlyWindowSkipGLVersions] was corrected from null to []
[24May2024 18:18:20.289] [main/INFO] [net.minecraftforge.fml.loading.FMLConfig/CORE]: Incorrect key [earlyWindowLogHelpMessage] was corrected from null to true
[24May2024 18:18:20.290] [main/INFO] [net.minecraftforge.fml.loading.FMLConfig/CORE]: Incorrect key [earlyWindowSquir] was corrected from null to false
[24May2024 18:18:20.290] [main/INFO] [net.minecraftforge.fml.loading.FMLConfig/CORE]: Incorrect key [earlyWindowShowCPU] was corrected from null to false
[24May2024 18:18:20.306] [main/INFO] [net.minecraftforge.fml.loading.ImmediateWindowHandler/]: ImmediateWindowProvider not loading because launch target is forge_userdev_data
[24May2024 18:18:20.492] [main/INFO] [mixin/]: SpongePowered MIXIN Subsystem Version=0.8.5 Source=jar:file:///C:/Users/micro/.gradle/caches/modules-2/files-2.1/org.spongepowered/mixin/0.8.5/9d1c0c3a304ae6697ecd477218fa61b850bf57fc/mixin-0.8.5.jar!/ Service=ModLauncher Env=UNKNOWN
[24May2024 18:18:22.288] [main/INFO] [net.minecraftforge.fml.loading.moddiscovery.JarInJarDependencyLocator/]: No dependencies to load found. Skipping!
[24May2024 18:18:23.666] [main/INFO] [cpw.mods.modlauncher.LaunchServiceHandler/MODLAUNCHER]: Launching target 'forge_userdev_data' with arguments [--gameDir, ., --assetsDir, C:\Users\micro\.gradle\caches\forge_gradle\assets, --assetIndex, 16, --mod, examplemod, --all, --output, D:\Syncopation\src\generated\resources, --existing, D:\Syncopation\src\main\resources]
[24May2024 18:18:32.083] [main/FATAL] [net.minecraftforge.fml.ModLoader/CORE]: Failed to initialize mod containers
net.minecraftforge.fml.ModLoadingException: fml.modloading.missingmetadata
	at LAYER PLUGIN/net.minecraftforge.fmlcore@1.20.6-50.0.31/net.minecraftforge.fml.ModLoader.lambda$buildModContainerFromTOML$27(ModLoader.java:291) ~[fmlcore-1.20.6-50.0.31.jar:1.0]
	at java.base/java.util.Optional.orElseThrow(Optional.java:403) ~[?:?]
	at LAYER PLUGIN/net.minecraftforge.fmlcore@1.20.6-50.0.31/net.minecraftforge.fml.ModLoader.buildModContainerFromTOML(ModLoader.java:291) ~[fmlcore-1.20.6-50.0.31.jar:1.0]
	at LAYER PLUGIN/net.minecraftforge.fmlcore@1.20.6-50.0.31/net.minecraftforge.fml.ModLoader.lambda$buildMods$24(ModLoader.java:259) ~[fmlcore-1.20.6-50.0.31.jar:1.0]
	at java.base/java.util.stream.ReferencePipeline$3$1.accept(ReferencePipeline.java:197) ~[?:?]
	at java.base/java.util.HashMap$EntrySpliterator.forEachRemaining(HashMap.java:1858) ~[?:?]
	at java.base/java.util.stream.AbstractPipeline.copyInto(AbstractPipeline.java:509) ~[?:?]
	at java.base/java.util.stream.AbstractPipeline.wrapAndCopyInto(AbstractPipeline.java:499) ~[?:?]
	at java.base/java.util.stream.AbstractPipeline.evaluate(AbstractPipeline.java:575) ~[?:?]
	at java.base/java.util.stream.AbstractPipeline.evaluateToArrayNode(AbstractPipeline.java:260) ~[?:?]
	at java.base/java.util.stream.ReferencePipeline.toArray(ReferencePipeline.java:616) ~[?:?]
	at java.base/java.util.stream.ReferencePipeline.toArray(ReferencePipeline.java:622) ~[?:?]
	at java.base/java.util.stream.ReferencePipeline.toList(ReferencePipeline.java:627) ~[?:?]
	at LAYER PLUGIN/net.minecraftforge.fmlcore@1.20.6-50.0.31/net.minecraftforge.fml.ModLoader.buildMods(ModLoader.java:261) ~[fmlcore-1.20.6-50.0.31.jar:1.0]
	at java.base/java.util.stream.ReferencePipeline$3$1.accept(ReferencePipeline.java:197) ~[?:?]
	at java.base/java.util.stream.ReferencePipeline$3$1.accept(ReferencePipeline.java:197) ~[?:?]
	at java.base/java.util.ArrayList$ArrayListSpliterator.forEachRemaining(ArrayList.java:1708) ~[?:?]
	at java.base/java.util.stream.AbstractPipeline.copyInto(AbstractPipeline.java:509) ~[?:?]
	at java.base/java.util.stream.AbstractPipeline.wrapAndCopyInto(AbstractPipeline.java:499) ~[?:?]
	at java.base/java.util.stream.AbstractPipeline.evaluate(AbstractPipeline.java:575) ~[?:?]
	at java.base/java.util.stream.AbstractPipeline.evaluateToArrayNode(AbstractPipeline.java:260) ~[?:?]
	at java.base/java.util.stream.ReferencePipeline.toArray(ReferencePipeline.java:616) ~[?:?]
	at java.base/java.util.stream.ReferencePipeline.toArray(ReferencePipeline.java:622) ~[?:?]
	at java.base/java.util.stream.ReferencePipeline.toList(ReferencePipeline.java:627) ~[?:?]
	at LAYER PLUGIN/net.minecraftforge.fmlcore@1.20.6-50.0.31/net.minecraftforge.fml.ModLoader.gatherAndInitializeMods(ModLoader.java:173) ~[fmlcore-1.20.6-50.0.31.jar:1.0]
	at TRANSFORMER/forge@50.0.31/net.minecraftforge.data.loading.DatagenModLoader.begin(DatagenModLoader.java:46) ~[forge-1.20.6-50.0.31_mapped_official_1.20.6.jar:?]
	at TRANSFORMER/minecraft@1.20.6/net.minecraft.data.Main.main(Main.java:110) ~[forge-1.20.6-50.0.31_mapped_official_1.20.6.jar:?]
	at java.base/jdk.internal.reflect.DirectMethodHandleAccessor.invoke(DirectMethodHandleAccessor.java:103) ~[?:?]
	at java.base/java.lang.reflect.Method.invoke(Method.java:580) ~[?:?]
	at SECURE-BOOTSTRAP/net.minecraftforge.fmlloader@1.20.6-50.0.31/net.minecraftforge.fml.loading.targets.CommonLaunchHandler.runTarget(CommonLaunchHandler.java:91) ~[fmlloader-1.20.6-50.0.31.jar!/:?]
	at SECURE-BOOTSTRAP/net.minecraftforge.fmlloader@1.20.6-50.0.31/net.minecraftforge.fml.loading.targets.CommonLaunchHandler.lambda$makeService$0(CommonLaunchHandler.java:75) ~[fmlloader-1.20.6-50.0.31.jar!/:?]
	at SECURE-BOOTSTRAP/cpw.mods.modlauncher@10.2.1/cpw.mods.modlauncher.LaunchServiceHandler.launch(LaunchServiceHandler.java:77) [modlauncher-10.2.1.jar!/:?]
	at SECURE-BOOTSTRAP/cpw.mods.modlauncher@10.2.1/cpw.mods.modlauncher.LaunchServiceHandler.launch(LaunchServiceHandler.java:97) [modlauncher-10.2.1.jar!/:?]
	at SECURE-BOOTSTRAP/cpw.mods.modlauncher@10.2.1/cpw.mods.modlauncher.Launcher.run(Launcher.java:116) [modlauncher-10.2.1.jar!/:?]
	at SECURE-BOOTSTRAP/cpw.mods.modlauncher@10.2.1/cpw.mods.modlauncher.Launcher.main(Launcher.java:75) [modlauncher-10.2.1.jar!/:?]
	at SECURE-BOOTSTRAP/cpw.mods.modlauncher@10.2.1/cpw.mods.modlauncher.BootstrapEntry.main(BootstrapEntry.java:17) [modlauncher-10.2.1.jar!/:?]
	at net.minecraftforge.bootstrap@2.1.1/net.minecraftforge.bootstrap.Bootstrap.moduleMain(Bootstrap.java:188) [bootstrap-2.1.1.jar!/:?]
	at java.base/jdk.internal.reflect.DirectMethodHandleAccessor.invoke(DirectMethodHandleAccessor.java:103) ~[?:?]
	at java.base/java.lang.reflect.Method.invoke(Method.java:580) ~[?:?]
	at net.minecraftforge.bootstrap.Bootstrap.bootstrapMain(Bootstrap.java:133) [bootstrap-2.1.1.jar:2.1.1]
	at net.minecraftforge.bootstrap.Bootstrap.start(Bootstrap.java:53) [bootstrap-2.1.1.jar:2.1.1]
	at net.minecraftforge.bootstrap.ForgeBootstrap.main(ForgeBootstrap.java:19) [bootstrap-2.1.1.jar:2.1.1]
